app/build/outputs/logs/manifest-merger-debug-report.txt
-- Merging decision tree log ---
manifest
ADDED from src/main/AndroidManifest.xml:2:1-91:12
	package
		ADDED from src/main/AndroidManifest.xml:3:11-44
		INJECTED from src/main/AndroidManifest.xml
		INJECTED from src/main/AndroidManifest.xml
	android:versionName
		INJECTED from src/main/AndroidManifest.xml
		INJECTED from src/main/AndroidManifest.xml
	xmlns:android
		ADDED from src/main/AndroidManifest.xml:2:11-69
	android:versionCode
		INJECTED from src/main/AndroidManifest.xml
		INJECTED from src/main/AndroidManifest.xml
uses-permission#android.permission.INTERNET
ADDED from src/main/AndroidManifest.xml:5:5-66
MERGED from [org.osmdroid:osmdroid-android:5.5:release] AndroidManifest.xml:20:5-67
MERGED from [com.google.android.gms:play-services-maps:10.0.0] AndroidManifest.xml:20:5-66
MERGED from [com.mapbox.mapboxsdk:mapbox-android-sdk:4.2.0-beta.5] AndroidManifest.xml:16:5-67
	android:name
		ADDED from src/main/AndroidManifest.xml:5:22-64
uses-permission#android.permission.ACCESS_COARSE_LOCATION
ADDED from src/main/AndroidManifest.xml:6:5-80
MERGED from [org.osmdroid:osmdroid-android:5.5:release] AndroidManifest.xml:17:5-81
MERGED from [com.mapzen.android:lost:1.1.1] AndroidManifest.xml:9:5-81
	android:name
		ADDED from src/main/AndroidManifest.xml:6:22-78
uses-permission#android.permission.ACCESS_FINE_LOCATION
ADDED from src/main/AndroidManifest.xml:7:5-78
MERGED from [org.osmdroid:osmdroid-android:5.5:release] AndroidManifest.xml:16:5-79
MERGED from [com.mapzen.android:lost:1.1.1] AndroidManifest.xml:10:5-79
	android:name
		ADDED from src/main/AndroidManifest.xml:7:22-76
uses-permission#android.permission.ACCESS_WIFI_STATE
ADDED from src/main/AndroidManifest.xml:8:5-75
MERGED from [org.osmdroid:osmdroid-android:5.5:release] AndroidManifest.xml:18:5-76
MERGED from [com.mapbox.mapboxsdk:mapbox-android-sdk:4.2.0-beta.5] AndroidManifest.xml:18:5-76
	android:name
		ADDED from src/main/AndroidManifest.xml:8:22-73
uses-permission#android.permission.ACCESS_NETWORK_STATE
ADDED from src/main/AndroidManifest.xml:9:5-78
MERGED from [org.osmdroid:osmdroid-android:5.5:release] AndroidManifest.xml:19:5-79
MERGED from [com.google.android.gms:play-services-maps:10.0.0] AndroidManifest.xml:19:5-78
MERGED from [com.mapbox.mapboxsdk:mapbox-android-sdk:4.2.0-beta.5] AndroidManifest.xml:17:5-79
	android:name
		ADDED from src/main/AndroidManifest.xml:9:22-76
uses-permission#android.permission.WRITE_EXTERNAL_STORAGE
ADDED from src/main/AndroidManifest.xml:10:5-80
MERGED from [org.osmdroid:osmdroid-android:5.5:release] AndroidManifest.xml:21:5-81
	android:name
		ADDED from src/main/AndroidManifest.xml:10:22-78
uses-feature#android.hardware.location.gps
ADDED from src/main/AndroidManifest.xml:12:5-65
MERGED from [org.osmdroid:osmdroid-android:5.5:release] AndroidManifest.xml:27:5-29:36
MERGED from [com.mapzen.android:lost:1.1.1] AndroidManifest.xml:16:5-66
	android:name
		ADDED from src/main/AndroidManifest.xml:12:19-63
application
ADDED from src/main/AndroidManifest.xml:14:5-89:19
MERGED from [com.mcxiaoke.volley:library-aar:1.0.0] AndroidManifest.xml:5:5-19
MERGED from [com.android.support.constraint:constraint-layout:1.0.0-beta3] AndroidManifest.xml:9:5-20
MERGED from [com.google.android.gms:play-services-maps:10.0.0] AndroidManifest.xml:24:5-19
MERGED from [com.google.android.gms:play-services-base:10.0.0] AndroidManifest.xml:18:5-20:19
MERGED from [com.google.android.gms:play-services-basement:10.0.0] AndroidManifest.xml:19:5-21:19
MERGED from [com.android.support:support-v4:24.2.1] AndroidManifest.xml:25:5-20
MERGED from [com.android.support:support-compat:24.2.1] AndroidManifest.xml:25:5-20
MERGED from [com.android.support:support-media-compat:24.2.1] AndroidManifest.xml:25:5-20
MERGED from [com.android.support:support-core-utils:24.2.1] AndroidManifest.xml:25:5-20
MERGED from [com.android.support:support-core-ui:24.2.1] AndroidManifest.xml:25:5-20
MERGED from [com.android.support:support-fragment:24.2.1] AndroidManifest.xml:25:5-20
MERGED from [com.google.android.gms:play-services-tasks:10.0.0] AndroidManifest.xml:4:5-19
MERGED from [com.android.support:design:24.2.1] AndroidManifest.xml:22:5-20
MERGED from [com.android.support:appcompat-v7:24.2.1] AndroidManifest.xml:25:5-20
MERGED from [com.android.support:support-vector-drawable:24.2.1] AndroidManifest.xml:23:5-20
MERGED from [com.android.support:animated-vector-drawable:24.2.1] AndroidManifest.xml:22:5-20
MERGED from [com.mapzen.android:lost:1.1.1] AndroidManifest.xml:23:5-20
	android:label
		ADDED from src/main/AndroidManifest.xml:17:9-41
	android:supportsRtl
		ADDED from src/main/AndroidManifest.xml:18:9-35
	android:allowBackup
		ADDED from src/main/AndroidManifest.xml:15:9-35
	android:icon
		ADDED from src/main/AndroidManifest.xml:16:9-43
	android:theme
		ADDED from src/main/AndroidManifest.xml:19:9-40
activity#com.example.quypng.csub.Splashscreen
ADDED from src/main/AndroidManifest.xml:20:9-26:20
	android:name
		ADDED from src/main/AndroidManifest.xml:20:19-47
intent-filter#android.intent.action.MAIN+android.intent.category.LAUNCHER
ADDED from src/main/AndroidManifest.xml:21:13-25:29
action#android.intent.action.MAIN
ADDED from src/main/AndroidManifest.xml:22:17-68
	android:name
		ADDED from src/main/AndroidManifest.xml:22:25-66
category#android.intent.category.LAUNCHER
ADDED from src/main/AndroidManifest.xml:24:17-76
	android:name
		ADDED from src/main/AndroidManifest.xml:24:27-74
activity#com.example.quypng.csub.MainActivity
ADDED from src/main/AndroidManifest.xml:27:9-35:20
	android:theme
		ADDED from src/main/AndroidManifest.xml:29:13-63
	android:name
		ADDED from src/main/AndroidManifest.xml:28:13-41
intent-filter#android.intent.action.MAIN+android.intent.category.DEFAULT
ADDED from src/main/AndroidManifest.xml:30:13-34:29
category#android.intent.category.DEFAULT
ADDED from src/main/AndroidManifest.xml:33:17-75
	android:name
		ADDED from src/main/AndroidManifest.xml:33:27-73
activity#com.example.quypng.csub.MapActivity
ADDED from src/main/AndroidManifest.xml:36:9-40:58
	android:label
		ADDED from src/main/AndroidManifest.xml:38:13-55
	android:parentActivityName
		ADDED from src/main/AndroidManifest.xml:39:13-55
	android:theme
		ADDED from src/main/AndroidManifest.xml:40:13-56
	android:name
		ADDED from src/main/AndroidManifest.xml:37:13-40
activity#com.example.quypng.csub.NewsActivity
ADDED from src/main/AndroidManifest.xml:41:9-45:58
	android:label
		ADDED from src/main/AndroidManifest.xml:43:13-56
	android:parentActivityName
		ADDED from src/main/AndroidManifest.xml:44:13-55
	android:theme
		ADDED from src/main/AndroidManifest.xml:45:13-56
	android:name
		ADDED from src/main/AndroidManifest.xml:42:13-41
activity#com.example.quypng.csub.EventsActivity
ADDED from src/main/AndroidManifest.xml:46:9-50:58
	android:label
		ADDED from src/main/AndroidManifest.xml:48:13-58
	android:parentActivityName
		ADDED from src/main/AndroidManifest.xml:49:13-55
	android:theme
		ADDED from src/main/AndroidManifest.xml:50:13-56
	android:name
		ADDED from src/main/AndroidManifest.xml:47:13-43
activity#com.example.quypng.csub.DirectoryActivity
ADDED from src/main/AndroidManifest.xml:51:9-55:58
	android:label
		ADDED from src/main/AndroidManifest.xml:53:13-61
	android:parentActivityName
		ADDED from src/main/AndroidManifest.xml:54:13-55
	android:theme
		ADDED from src/main/AndroidManifest.xml:55:13-56
	android:name
		ADDED from src/main/AndroidManifest.xml:52:13-46
activity#com.example.quypng.csub.SocialMediaActivity
ADDED from src/main/AndroidManifest.xml:56:9-60:58
	android:label
		ADDED from src/main/AndroidManifest.xml:58:13-63
	android:parentActivityName
		ADDED from src/main/AndroidManifest.xml:59:13-55
	android:theme
		ADDED from src/main/AndroidManifest.xml:60:13-56
	android:name
		ADDED from src/main/AndroidManifest.xml:57:13-48
activity#com.example.quypng.csub.DiningActivity
ADDED from src/main/AndroidManifest.xml:61:9-65:58
	android:label
		ADDED from src/main/AndroidManifest.xml:63:13-58
	android:parentActivityName
		ADDED from src/main/AndroidManifest.xml:64:13-55
	android:theme
		ADDED from src/main/AndroidManifest.xml:65:13-56
	android:name
		ADDED from src/main/AndroidManifest.xml:62:13-43
activity#com.example.quypng.csub.TransportationActivity
ADDED from src/main/AndroidManifest.xml:66:9-70:58
	android:label
		ADDED from src/main/AndroidManifest.xml:68:13-66
	android:parentActivityName
		ADDED from src/main/AndroidManifest.xml:69:13-55
	android:theme
		ADDED from src/main/AndroidManifest.xml:70:13-56
	android:name
		ADDED from src/main/AndroidManifest.xml:67:13-51
activity#com.example.quypng.csub.ScheduleActivity
ADDED from src/main/AndroidManifest.xml:71:9-75:58
	android:label
		ADDED from src/main/AndroidManifest.xml:73:13-60
	android:parentActivityName
		ADDED from src/main/AndroidManifest.xml:74:13-55
	android:theme
		ADDED from src/main/AndroidManifest.xml:75:13-56
	android:name
		ADDED from src/main/AndroidManifest.xml:72:13-45
activity#com.example.quypng.csub.Blackboard_MoodleActivity
ADDED from src/main/AndroidManifest.xml:76:9-80:58
	android:label
		ADDED from src/main/AndroidManifest.xml:78:13-58
	android:parentActivityName
		ADDED from src/main/AndroidManifest.xml:79:13-55
	android:theme
		ADDED from src/main/AndroidManifest.xml:80:13-56
	android:name
		ADDED from src/main/AndroidManifest.xml:77:13-54
service#com.mapbox.mapboxsdk.telemetry.TelemetryService
ADDED from src/main/AndroidManifest.xml:83:9-83
	android:name
		ADDED from src/main/AndroidManifest.xml:83:18-80
meta-data#com.google.android.gms.version
ADDED from src/main/AndroidManifest.xml:85:9-87:68
MERGED from [com.google.android.gms:play-services-basement:10.0.0] AndroidManifest.xml:20:9-121
	android:value
		ADDED from src/main/AndroidManifest.xml:87:13-66
	android:name
		ADDED from src/main/AndroidManifest.xml:86:13-58
uses-sdk
INJECTED from src/main/AndroidManifest.xml reason: use-sdk injection requested
MERGED from [com.mcxiaoke.volley:library-aar:1.0.0] AndroidManifest.xml:3:5-72
MERGED from [com.android.support.constraint:constraint-layout:1.0.0-beta3] AndroidManifest.xml:5:5-7:41
MERGED from [org.osmdroid:osmdroid-android:5.5:release] AndroidManifest.xml:7:5-9:41
MERGED from [com.google.android.gms:play-services-maps:10.0.0] AndroidManifest.xml:23:5-42
MERGED from [com.google.android.gms:play-services-base:10.0.0] AndroidManifest.xml:17:5-42
MERGED from [com.google.android.gms:play-services-basement:10.0.0] AndroidManifest.xml:17:5-42
MERGED from [com.android.support:support-v4:24.2.1] AndroidManifest.xml:21:5-23:54
MERGED from [com.android.support:support-compat:24.2.1] AndroidManifest.xml:21:5-23:58
MERGED from [com.android.support:support-media-compat:24.2.1] AndroidManifest.xml:21:5-23:63
MERGED from [com.android.support:support-core-utils:24.2.1] AndroidManifest.xml:21:5-23:61
MERGED from [com.android.support:support-core-ui:24.2.1] AndroidManifest.xml:21:5-23:58
MERGED from [com.android.support:support-fragment:24.2.1] AndroidManifest.xml:21:5-23:60
MERGED from [com.google.android.gms:play-services-tasks:10.0.0] AndroidManifest.xml:3:5-42
MERGED from [com.mapbox.mapboxsdk:mapbox-android-sdk:4.2.0-beta.5] AndroidManifest.xml:5:5-7:41
MERGED from [com.android.support:design:24.2.1] AndroidManifest.xml:20:5-43
MERGED from [com.android.support:appcompat-v7:24.2.1] AndroidManifest.xml:21:5-23:78
MERGED from [com.android.support:support-vector-drawable:24.2.1] AndroidManifest.xml:21:5-43
MERGED from [com.android.support:animated-vector-drawable:24.2.1] AndroidManifest.xml:20:5-44
MERGED from [com.android.support:recyclerview-v7:24.2.1] AndroidManifest.xml:20:5-43
MERGED from [com.mapzen.android:lost:1.1.1] AndroidManifest.xml:5:5-7:41
	tools:overrideLibrary
		ADDED from [com.android.support:support-v4:24.2.1] AndroidManifest.xml:23:9-51
	android:targetSdkVersion
		INJECTED from src/main/AndroidManifest.xml
		INJECTED from src/main/AndroidManifest.xml
	android:minSdkVersion
		INJECTED from src/main/AndroidManifest.xml
		INJECTED from src/main/AndroidManifest.xml
supports-screens
ADDED from [org.osmdroid:osmdroid-android:5.5:release] AndroidManifest.xml:11:5-14:40
	android:largeScreens
		ADDED from [org.osmdroid:osmdroid-android:5.5:release] AndroidManifest.xml:13:9-36
	android:normalScreens
		ADDED from [org.osmdroid:osmdroid-android:5.5:release] AndroidManifest.xml:14:9-37
	android:anyDensity
		ADDED from [org.osmdroid:osmdroid-android:5.5:release] AndroidManifest.xml:12:9-34
uses-permission#android.permission.READ_EXTERNAL_STORAGE
ADDED from [org.osmdroid:osmdroid-android:5.5:release] AndroidManifest.xml:22:5-80
	android:name
		ADDED from [org.osmdroid:osmdroid-android:5.5:release] AndroidManifest.xml:22:22-77
uses-feature#android.hardware.location.network
ADDED from [org.osmdroid:osmdroid-android:5.5:release] AndroidManifest.xml:24:5-26:36
	android:required
		ADDED from [org.osmdroid:osmdroid-android:5.5:release] AndroidManifest.xml:26:9-33
	android:name
		ADDED from [org.osmdroid:osmdroid-android:5.5:release] AndroidManifest.xml:25:9-57
uses-feature#android.hardware.telephony
ADDED from [org.osmdroid:osmdroid-android:5.5:release] AndroidManifest.xml:30:5-32:36
MERGED from [com.mapzen.android:lost:1.1.1] AndroidManifest.xml:17:5-19:36
	android:required
		ADDED from [org.osmdroid:osmdroid-android:5.5:release] AndroidManifest.xml:32:9-33
	android:name
		ADDED from [org.osmdroid:osmdroid-android:5.5:release] AndroidManifest.xml:31:9-50
uses-feature#android.hardware.wifi
ADDED from [org.osmdroid:osmdroid-android:5.5:release] AndroidManifest.xml:33:5-35:36
MERGED from [com.mapbox.mapboxsdk:mapbox-android-sdk:4.2.0-beta.5] AndroidManifest.xml:12:5-14:36
MERGED from [com.mapzen.android:lost:1.1.1] AndroidManifest.xml:20:5-58
	android:required
		ADDED from [org.osmdroid:osmdroid-android:5.5:release] AndroidManifest.xml:35:9-33
		MERGED from src/main/AndroidManifest.xml:33:5-35:36
	android:name
		ADDED from [org.osmdroid:osmdroid-android:5.5:release] AndroidManifest.xml:34:9-45
android:uses-permission#android.permission.READ_EXTERNAL_STORAGE
IMPLIED from src/main/AndroidManifest.xml:2:1-91:12 reason: org.osmdroid.library requested WRITE_EXTERNAL_STORAGE
uses-feature#0x00020000
ADDED from [com.google.android.gms:play-services-maps:10.0.0] AndroidManifest.xml:21:5-77
MERGED from [com.mapbox.mapboxsdk:mapbox-android-sdk:4.2.0-beta.5] AndroidManifest.xml:9:5-11:35
	android:glEsVersion
		ADDED from [com.google.android.gms:play-services-maps:10.0.0] AndroidManifest.xml:21:19-51
	android:required
		ADDED from [com.google.android.gms:play-services-maps:10.0.0] AndroidManifest.xml:21:52-75
activity#com.google.android.gms.common.api.GoogleApiActivity
ADDED from [com.google.android.gms:play-services-base:10.0.0] AndroidManifest.xml:19:9-172
	android:exported
		ADDED from [com.google.android.gms:play-services-base:10.0.0] AndroidManifest.xml:19:146-170
	android:theme
		ADDED from [com.google.android.gms:play-services-base:10.0.0] AndroidManifest.xml:19:86-145
	android:name
		ADDED from [com.google.android.gms:play-services-base:10.0.0] AndroidManifest.xml:19:19-85
uses-feature#android.hardware.sensor.accelerometer
ADDED from [com.mapzen.android:lost:1.1.1] AndroidManifest.xml:12:5-14:36
	android:required
		ADDED from [com.mapzen.android:lost:1.1.1] AndroidManifest.xml:14:9-33
	android:name
		ADDED from [com.mapzen.android:lost:1.1.1] AndroidManifest.xml:13:9-61
uses-feature#android.hardware.location
ADDED from [com.mapzen.android:lost:1.1.1] AndroidManifest.xml:15:5-62
	android:name
		ADDED from [com.mapzen.android:lost:1.1.1] AndroidManifest.xml:15:19-59